2019-02-21 23:50:46 INFO  ServerSocketAccept:41 - Connected client 1
2019-02-21 23:50:46 INFO  ThreadHandler:26 - Created input connection
2019-02-21 23:50:46 INFO  CommandsController:27 - Get command: USER admin
2019-02-21 23:50:46 INFO  CommandUSER:25 - Username is right
2019-02-21 23:50:46 INFO  CommandsController:27 - Get command: PASS 123
2019-02-21 23:50:46 INFO  CommandPASS:24 - Password is right
2019-02-21 23:50:46 INFO  CommandsController:27 - Get command: PWD
2019-02-21 23:50:46 INFO  CommandPWD:15 - current directory is /etc/ftRoot
2019-02-21 23:50:53 INFO  ServerSocketAccept:41 - Connected client 2
2019-02-21 23:50:53 INFO  ThreadHandler:26 - Created input connection
2019-02-21 23:50:53 INFO  CommandsController:27 - Get command: USER admin
2019-02-21 23:50:53 INFO  CommandUSER:25 - Username is right
2019-02-21 23:50:53 INFO  CommandsController:27 - Get command: PASS 123
2019-02-21 23:50:53 INFO  CommandPASS:24 - Password is right
2019-02-21 23:50:53 INFO  CommandsController:27 - Get command: CWD /etc/ftRoot
2019-02-21 23:50:53 INFO  CommandsController:27 - Get command: TYPE A
2019-02-21 23:50:53 INFO  CommandTYPE:22 - type of transferring data is ASCII
2019-02-21 23:50:53 INFO  CommandsController:27 - Get command: PASV
2019-02-21 23:50:53 INFO  CommandPASV:19 - Sent data connection address 127.0.0.1:20
2019-02-21 23:50:53 INFO  CommandsController:27 - Get command: RETR 1.txt
2019-02-21 23:50:53 INFO  DataSocket:23 - Data connection established
2019-02-21 23:51:09 INFO  CommandsController:27 - Get command: TYPE I
2019-02-21 23:51:09 INFO  CommandTYPE:25 - type of transferring data is binary
2019-02-21 23:51:09 INFO  CommandsController:27 - Get command: PASV
2019-02-21 23:51:09 INFO  CommandPASV:19 - Sent data connection address 127.0.0.1:20
2019-02-21 23:51:09 INFO  CommandsController:27 - Get command: RETR me.jpg
2019-02-21 23:51:09 INFO  DataSocket:23 - Data connection established
2019-02-21 23:52:00 INFO  CommandsController:27 - Get command: CWD dir
2019-02-21 23:52:00 INFO  CommandsController:27 - Get command: PWD
2019-02-21 23:52:00 INFO  CommandPWD:15 - current directory is /etc/ftRoot/dir
2019-02-21 23:52:00 INFO  CommandsController:27 - Get command: TYPE I
2019-02-21 23:52:00 INFO  CommandTYPE:25 - type of transferring data is binary
2019-02-21 23:52:00 INFO  CommandsController:27 - Get command: PASV
2019-02-21 23:52:00 INFO  CommandPASV:19 - Sent data connection address 127.0.0.1:20
2019-02-21 23:52:00 INFO  CommandsController:27 - Get command: LIST
2019-02-21 23:52:00 INFO  DataSocket:23 - Data connection established
2019-02-21 23:52:07 INFO  ServerSocketAccept:41 - Connected client 3
2019-02-21 23:52:07 INFO  ThreadHandler:26 - Created input connection
2019-02-21 23:52:07 INFO  CommandsController:27 - Get command: USER admin
2019-02-21 23:52:07 INFO  CommandUSER:25 - Username is right
2019-02-21 23:52:07 INFO  CommandsController:27 - Get command: PASS 123
2019-02-21 23:52:07 INFO  CommandPASS:24 - Password is right
2019-02-21 23:52:07 INFO  CommandsController:27 - Get command: PWD
2019-02-21 23:52:07 INFO  CommandPWD:15 - current directory is /etc/ftRoot/dir
2019-02-21 23:52:23 INFO  ServerSocketAccept:41 - Connected client 4
2019-02-21 23:52:23 INFO  ThreadHandler:26 - Created input connection
2019-02-21 23:52:23 INFO  CommandsController:27 - Get command: USER admin
2019-02-21 23:52:23 INFO  CommandUSER:25 - Username is right
2019-02-21 23:52:23 INFO  CommandsController:27 - Get command: PASS 123
2019-02-21 23:52:23 INFO  CommandPASS:24 - Password is right
2019-02-21 23:52:23 INFO  CommandsController:27 - Get command: PWD
2019-02-21 23:52:23 INFO  CommandPWD:15 - current directory is /etc/ftRoot/dir
2019-02-22 00:07:46 INFO  ServerSocketAccept:41 - Connected client 1
2019-02-22 00:07:46 INFO  ThreadHandler:26 - Created input connection
2019-02-22 00:07:46 INFO  CommandsController:27 - Get command: USER admin
2019-02-22 00:07:46 INFO  CommandUSER:25 - Username is right
2019-02-22 00:07:46 INFO  CommandsController:27 - Get command: PASS 123
2019-02-22 00:07:46 INFO  CommandPASS:24 - Password is right
2019-02-22 00:07:46 INFO  CommandsController:27 - Get command: PWD
2019-02-22 00:07:46 INFO  CommandPWD:15 - current directory is /etc/ftRoot
2019-02-22 00:07:46 INFO  CommandsController:27 - Get command: TYPE I
2019-02-22 00:07:46 INFO  CommandTYPE:25 - type of transferring data is binary
2019-02-22 00:07:46 INFO  CommandsController:27 - Get command: PASV
2019-02-22 00:07:46 INFO  CommandPASV:19 - Sent data connection address 127.0.0.1:20
2019-02-22 00:07:46 INFO  CommandsController:27 - Get command: LIST
2019-02-22 00:07:48 INFO  DataSocket:23 - Data connection established
2019-02-22 00:07:55 INFO  CommandsController:27 - Get command: CWD dir1
2019-02-22 00:07:55 INFO  CommandsController:27 - Get command: PWD
2019-02-22 00:07:55 INFO  CommandPWD:15 - current directory is /etc/ftRoot/dir1
2019-02-22 00:07:55 INFO  CommandsController:27 - Get command: PASV
2019-02-22 00:07:55 INFO  CommandPASV:19 - Sent data connection address 127.0.0.1:20
2019-02-22 00:07:55 INFO  CommandsController:27 - Get command: LIST
2019-02-22 00:07:57 INFO  DataSocket:23 - Data connection established
2019-02-22 00:08:02 INFO  CommandsController:27 - Get command: CDUP
2019-02-22 00:08:52 INFO  ServerSocketAccept:41 - Connected client 2
2019-02-22 00:09:02 INFO  ServerSocketAccept:41 - Connected client 3
2019-02-22 00:09:02 INFO  ThreadHandler:26 - Created input connection
2019-02-22 00:09:07 INFO  ThreadHandler:26 - Created input connection
2019-02-22 00:09:07 INFO  CommandsController:27 - Get command: USER admin
2019-02-22 00:09:07 INFO  CommandUSER:25 - Username is right
2019-02-22 00:09:07 INFO  CommandsController:27 - Get command: PASS 123
2019-02-22 00:09:07 INFO  CommandPASS:24 - Password is right
2019-02-22 00:09:07 INFO  CommandsController:27 - Get command: CWD /etc/ftRoot/dir1
2019-02-22 00:09:07 INFO  CommandsController:27 - Get command: PWD
2019-02-22 00:09:07 INFO  CommandPWD:15 - current directory is /etc/ftRoot/dir1
2019-02-22 00:09:07 INFO  CommandsController:27 - Get command: CDUP
2019-02-22 00:09:19 INFO  CommandsController:27 - Get command: PWD
2019-02-22 00:09:19 INFO  CommandPWD:15 - current directory is /etc/ftRoot
2019-02-22 00:10:26 INFO  ServerSocketAccept:41 - Connected client 1
2019-02-22 00:10:26 INFO  ThreadHandler:26 - Created input connection
2019-02-22 00:10:26 INFO  CommandsController:27 - Get command: USER admin
2019-02-22 00:10:26 INFO  CommandUSER:25 - Username is right
2019-02-22 00:10:26 INFO  CommandsController:27 - Get command: PASS 123
2019-02-22 00:10:26 INFO  CommandPASS:24 - Password is right
2019-02-22 00:10:26 INFO  CommandsController:27 - Get command: PWD
2019-02-22 00:10:26 INFO  CommandPWD:15 - current directory is /etc/ftRoot
2019-02-22 00:10:32 INFO  CommandsController:27 - Get command: CWD /etc/ftRoot/dir
2019-02-22 00:10:32 INFO  CommandsController:27 - Get command: TYPE I
2019-02-22 00:10:32 INFO  CommandTYPE:25 - type of transferring data is binary
2019-02-22 00:10:32 INFO  CommandsController:27 - Get command: PASV
2019-02-22 00:10:32 INFO  CommandPASV:19 - Sent data connection address 127.0.0.1:20
2019-02-22 00:10:32 INFO  CommandsController:27 - Get command: LIST
2019-02-22 00:10:32 INFO  DataSocket:23 - Data connection established
2019-02-22 00:10:33 INFO  CommandsController:27 - Get command: CDUP
2019-02-22 00:10:33 INFO  CommandsController:27 - Get command: PWD
2019-02-22 00:10:33 INFO  CommandPWD:15 - current directory is /etc/ftRoot
2019-02-22 00:11:02 INFO  ServerSocketAccept:41 - Connected client 1
2019-02-22 00:11:02 INFO  ThreadHandler:26 - Created input connection
2019-02-22 00:11:02 INFO  CommandsController:27 - Get command: USER admin
2019-02-22 00:11:03 INFO  CommandUSER:25 - Username is right
2019-02-22 00:11:03 INFO  CommandsController:27 - Get command: PASS 123
2019-02-22 00:11:03 INFO  CommandPASS:24 - Password is right
2019-02-22 00:11:03 INFO  CommandsController:27 - Get command: SYST
2019-02-22 00:11:03 INFO  CommandSYST:19 - System type is returned
2019-02-22 00:11:03 INFO  CommandsController:27 - Get command: FEAT
2019-02-22 00:11:03 INFO  CommandsController:27 - Get command: PWD
2019-02-22 00:11:03 INFO  CommandPWD:15 - current directory is /etc/ftRoot
2019-02-22 00:11:03 INFO  CommandsController:27 - Get command: TYPE I
2019-02-22 00:11:03 INFO  CommandTYPE:25 - type of transferring data is binary
2019-02-22 00:11:03 INFO  CommandsController:27 - Get command: PASV
2019-02-22 00:11:03 INFO  CommandPASV:19 - Sent data connection address 127.0.0.1:20
2019-02-22 00:11:03 INFO  CommandsController:27 - Get command: LIST
2019-02-22 00:11:03 INFO  DataSocket:23 - Data connection established
2019-02-22 00:11:06 INFO  CommandsController:27 - Get command: CWD dir1
2019-02-22 00:11:06 INFO  CommandsController:27 - Get command: PWD
2019-02-22 00:11:06 INFO  CommandPWD:15 - current directory is /etc/ftRoot/dir1
2019-02-22 00:11:06 INFO  CommandsController:27 - Get command: PASV
2019-02-22 00:11:06 INFO  CommandPASV:19 - Sent data connection address 127.0.0.1:20
2019-02-22 00:11:06 INFO  CommandsController:27 - Get command: LIST
2019-02-22 00:11:06 INFO  DataSocket:23 - Data connection established
2019-02-22 00:11:07 INFO  CommandsController:27 - Get command: CWD dir11
2019-02-22 00:14:56 INFO  ServerSocketAccept:41 - Connected client 1
2019-02-22 00:14:56 INFO  ThreadHandler:26 - Created input connection
2019-02-22 00:14:56 INFO  CommandsController:27 - Get command: USER admin
2019-02-22 00:14:56 INFO  CommandUSER:25 - Username is right
2019-02-22 00:14:56 INFO  CommandsController:27 - Get command: PASS 123
2019-02-22 00:14:56 INFO  CommandPASS:24 - Password is right
2019-02-22 00:14:56 INFO  CommandsController:27 - Get command: PWD
2019-02-22 00:14:56 INFO  CommandPWD:15 - current directory is /etc/ftRoot
2019-02-22 00:14:59 INFO  CommandsController:27 - Get command: CWD /etc/ftRoot/dir1
2019-02-22 00:14:59 INFO  CommandsController:27 - Get command: PWD
2019-02-22 00:14:59 INFO  CommandPWD:15 - current directory is /etc/ftRoot/dir1
2019-02-22 00:14:59 INFO  CommandsController:27 - Get command: CWD dir11
2019-02-22 00:14:59 INFO  CommandsController:27 - Get command: PWD
2019-02-22 00:14:59 INFO  CommandPWD:15 - current directory is /etc/ftRoot/dir1/dir11
2019-02-22 00:14:59 INFO  CommandsController:27 - Get command: TYPE I
2019-02-22 00:14:59 INFO  CommandTYPE:25 - type of transferring data is binary
2019-02-22 00:14:59 INFO  CommandsController:27 - Get command: PASV
2019-02-22 00:14:59 INFO  CommandPASV:19 - Sent data connection address 127.0.0.1:20
2019-02-22 00:14:59 INFO  CommandsController:27 - Get command: LIST
2019-02-22 00:14:59 INFO  DataSocket:23 - Data connection established
2019-02-22 00:15:01 INFO  CommandsController:27 - Get command: CDUP
2019-02-22 00:15:01 INFO  CommandsController:27 - Get command: PWD
2019-02-22 00:15:01 INFO  CommandPWD:15 - current directory is /etc/ftRoot/dir1
2019-02-22 00:15:04 INFO  CommandsController:27 - Get command: CDUP
2019-02-22 00:15:04 INFO  CommandsController:27 - Get command: PWD
2019-02-22 00:15:04 INFO  CommandPWD:15 - current directory is /etc/ftRoot
2019-02-22 00:15:04 INFO  CommandsController:27 - Get command: CWD dir
2019-02-22 00:15:04 INFO  CommandsController:27 - Get command: PWD
2019-02-22 00:15:04 INFO  CommandPWD:15 - current directory is /etc/ftRoot/dir
2019-02-22 00:15:04 INFO  CommandsController:27 - Get command: PASV
2019-02-22 00:15:04 INFO  CommandPASV:19 - Sent data connection address 127.0.0.1:20
2019-02-22 00:15:04 INFO  CommandsController:27 - Get command: LIST
2019-02-22 00:15:04 INFO  DataSocket:23 - Data connection established
2019-02-22 00:15:06 INFO  CommandsController:27 - Get command: CDUP
2019-02-22 00:15:06 INFO  CommandsController:27 - Get command: PWD
2019-02-22 00:15:06 INFO  CommandPWD:15 - current directory is /etc/ftRoot
